CMake Warning (dev) at CMakeLists.txt:2 (project):
  Policy CMP0048 is not set: project() command manages VERSION variables.
  Run "cmake --help-policy CMP0048" for policy details.  Use the cmake_policy
  command to set the policy and suppress this warning.

  The following variable(s) would be set to empty:

    CMAKE_PROJECT_VERSION
    CMAKE_PROJECT_VERSION_MAJOR
    CMAKE_PROJECT_VERSION_MINOR
    CMAKE_PROJECT_VERSION_PATCH
This warning is for project developers.  Use -Wno-dev to suppress it.

Traceback (most recent call last):
  File "/home/khoshnaz/demo_ws/src/pycram/build/catkin_tools_prebuild/catkin_generated/generate_cached_setup.py", line 12, in <module>
    from catkin.environment_cache import generate_environment_script
ModuleNotFoundError: No module named 'catkin.environment_cache'

During handling of the above exception, another exception occurred:

Traceback (most recent call last):
  File "/home/khoshnaz/demo_ws/src/pycram/build/catkin_tools_prebuild/catkin_generated/generate_cached_setup.py", line 20, in <module>
    from catkin.environment_cache import generate_environment_script
ModuleNotFoundError: No module named 'catkin.environment_cache'
[31m[1mCMake Error[0m at /opt/ros/noetic/share/catkin/cmake/safe_execute_process.cmake:11 (message):
  execute_process(/usr/bin/python
  "/home/khoshnaz/demo_ws/src/pycram/build/catkin_tools_prebuild/catkin_generated/generate_cached_setup.py")
  returned error code 1
[36mCall Stack (most recent call first):[0m
  /opt/ros/noetic/share/catkin/cmake/all.cmake:208 (safe_execute_process)
  /opt/ros/noetic/share/catkin/cmake/catkinConfig.cmake:20 (include)
  CMakeLists.txt:4 (find_package)


